<?xml version="1.0" encoding="UTF-8"?>
<coverage generated="1636021366494" clover="3.2.0">
  <project timestamp="1636021366494" name="All files">
    <metrics statements="1" coveredstatements="1" conditionals="4" coveredconditionals="1" methods="1" coveredmethods="1" elements="6" coveredelements="3" complexity="0" loc="1" ncloc="1" packages="1" files="1" classes="1"/>
    <file name="example.ts" path="/Users/pragya.gupta/cazoo/fizzbuzz-PG-CF/src/main/example.ts">
      <metrics statements="1" coveredstatements="1" conditionals="4" coveredconditionals="1" methods="1" coveredmethods="1"/>
      <line num="1" count="1" type="cond" truecount="1" falsecount="3"/>
    </file>
  </project>
</coverage>
