{"/Users/pragya.gupta/cazoo/fizzbuzz-PG-CF/src/main/example.ts": {"path":"/Users/pragya.gupta/cazoo/fizzbuzz-PG-CF/src/main/example.ts","statementMap":{"0":{"start":{"line":1,"column":24},"end":{"line":1,"column":115}},"1":{"start":{"line":1,"column":43},"end":{"line":1,"column":115}},"2":{"start":{"line":1,"column":13},"end":{"line":1,"column":24}}},"fnMap":{"0":{"name":"(anonymous_0)","decl":{"start":{"line":1,"column":24},"end":{"line":1,"column":25}},"loc":{"start":{"line":1,"column":43},"end":{"line":1,"column":115}}}},"branchMap":{"0":{"loc":{"start":{"line":1,"column":61},"end":{"line":1,"column":67}},"type":"cond-expr","locations":[{"start":{"line":1,"column":61},"end":{"line":1,"column":67}},{"start":{"line":1,"column":71},"end":{"line":1,"column":114}}]},"1":{"loc":{"start":{"line":1,"column":89},"end":{"line":1,"column":95}},"type":"cond-expr","locations":[{"start":{"line":1,"column":89},"end":{"line":1,"column":95}},{"start":{"line":1,"column":98},"end":{"line":1,"column":114}}]}},"s":{"0":1,"1":1,"2":1},"f":{"0":1},"b":{"0":[1,0],"1":[0,0]}}
}
