{"/Users/pragya.gupta/cazoo/bank-mocks/src/main/bank.ts": {"path":"/Users/pragya.gupta/cazoo/bank-mocks/src/main/bank.ts","statementMap":{"0":{"start":{"line":5,"column":8},"end":{"line":5,"column":51}},"1":{"start":{"line":8,"column":8},"end":{"line":8,"column":51}},"2":{"start":{"line":11,"column":8},"end":{"line":11,"column":51}},"3":{"start":{"line":3,"column":0},"end":{"line":3,"column":13}}},"fnMap":{"0":{"name":"(anonymous_0)","decl":{"start":{"line":4,"column":4},"end":{"line":4,"column":11}},"loc":{"start":{"line":4,"column":26},"end":{"line":6,"column":5}}},"1":{"name":"(anonymous_1)","decl":{"start":{"line":7,"column":4},"end":{"line":7,"column":12}},"loc":{"start":{"line":7,"column":27},"end":{"line":9,"column":5}}},"2":{"name":"(anonymous_2)","decl":{"start":{"line":10,"column":4},"end":{"line":10,"column":18}},"loc":{"start":{"line":10,"column":18},"end":{"line":12,"column":5}}}},"branchMap":{},"s":{"0":0,"1":0,"2":1,"3":1},"f":{"0":0,"1":0,"2":1},"b":{}}
}
